<?xml version="1.0" encoding="UTF-8"?>
<!-- Generated by org.testng.reporters.JUnitReportReporter -->
<testsuite skipped="0" hostname="LAPTOP-21BPVLIJ" name="TestSuites.TestCases" tests="3" failures="0" timestamp="02 May 2022 03:50:38 GMT" time="98.020" errors="0">
  <testcase name="emicalc" time="31.662" classname="TestSuites.TestCases"/>
  <testcase name="homeloan" time="66.331" classname="TestSuites.TestCases"/>
  <testcase name="loancalc" time="0.027" classname="TestSuites.TestCases"/>
</testsuite> <!-- TestSuites.TestCases -->
